<persistence xmlns="http://java.sun.com/xml/ns/persistence"
	xmlns:xsi="http://www.w3.org/2001/XMLSchema-instance"
	xsi:schemaLocation="http://java.sun.com/xml/ns/persistence http://java.sun.com/xml/ns/persistence/persistence_1_0.xsd"
	version="1.0">
	<persistence-unit name="samplePU" transaction-type="JTA">
		<provider>org.hibernate.ejb.HibernatePersistence</provider>
		<jta-data-source>java:/DefaultDS</jta-data-source>
		<exclude-unlisted-classes>false</exclude-unlisted-classes>
		<properties>
			<property name="hibernate.hbm2ddl.auto" value="create-drop" />
			<property name="hibernate.show_sql" value="true"/>
			<property name="hibernate.format_sql" value="true"/>
			<property name="hibernate.jdbc.batch_size" value="0"/>
			<property name="jboss.entity.manager.factory.jndi.name" value="java:/sampleEMF"/>
			<property name="hibernate.dialect" value="org.hibernate.dialect.HSQLDialect" />
		</properties>
	</persistence-unit>
</persistence>